Arguments: 
  C:\Program Files\nodejs\node.exe C:\Users\Soren\AppData\Roaming\npm\node_modules\yarn\bin\yarn.js add @mantine/hooks @mantine/core @mantine/ssr

PATH: 
  C:\Users\Soren\bin;C:\Program Files\Git\mingw64\bin;C:\Program Files\Git\usr\local\bin;C:\Program Files\Git\usr\bin;C:\Program Files\Git\usr\bin;C:\Windows\system32;C:\Windows;C:\Windows\System32\Wbem;C:\Windows\System32\WindowsPowerShell\v1.0;C:\Windows\System32\OpenSSH;C:\Program Files\Microsoft SQL Server\150\Tools\Binn;C:\Program Files\Microsoft SQL Server\Client SDK\ODBC\170\Tools\Binn;C:\Program Files\dotnet;C:\Program Files\Git\cmd;C:\Users\Soren\AppData\Roaming\nvm;C:\Program Files\nodejs;C:\Users\Soren\AppData\Local\.meteor;C:\Users\Soren\AppData\Roaming\nvm\v14.20.0\node_modules\npm\node_modules\npm-lifecycle\node-gyp-bin;C:\Program Files\nodejs\node_modules\meteor\node_modules\.bin;C:\Program Files\nodejs\node_modules\.bin;C:\Users\Soren\bin;C:\Program Files\Git\usr\local\bin;C:\Program Files\Git\usr\bin;C:\Program Files\Git\usr\bin;C:\Program Files\Git\opt\bin;C:\Users\Soren\AppData\Roaming\nvm;C:\Program Files\nodejs;C:\Users\Soren\AppData\Local\Microsoft\WindowsApps;C:\Users\Soren\.dotnet\tools;C:\Program Files\JetBrains\IntelliJ IDEA 2022.1.2\bin;C:\Users\Soren\AppData\Roaming\npm;C:\Users\Soren\AppData\Local\Programs\Microsoft VS Code\bin;C:\xampp\php;C:\Users\Soren\AppData\Roaming\nvm;C:\Pro;C:\Program Files\Git\usr\bin\vendor_perl;C:\Program Files\Git\usr\bin\core_perl

Yarn version: 
  1.22.19

Node version: 
  16.15.1

Platform: 
  win32 x64

Trace: 
  Error: EPERM: operation not permitted, unlink 'C:\Users\Soren\code\remix-pokemon\node_modules\esbuild-windows-64\esbuild.exe'

npm manifest: 
  {
    "private": true,
    "sideEffects": false,
    "scripts": {
      "build": "remix build",
      "dev": "remix dev"
    },
    "dependencies": {
      "@remix-run/node": "^1.6.5",
      "@remix-run/react": "^1.6.5",
      "@remix-run/vercel": "^1.6.5",
      "@vercel/node": "^2.4.2",
      "react": "^17.0.2",
      "react-dom": "^17.0.2"
    },
    "devDependencies": {
      "@remix-run/dev": "^1.6.5",
      "@remix-run/eslint-config": "^1.6.5",
      "@remix-run/serve": "^1.6.5",
      "@types/react": "^17.0.45",
      "@types/react-dom": "^17.0.17",
      "eslint": "^8.15.0",
      "typescript": "^4.7.4"
    },
    "engines": {
      "node": ">=14"
    }
  }

yarn manifest: 
  No manifest

Lockfile: 
  No lockfile
